android/app/build/intermediates/manifest_merge_blame_file/debug/manifest-merger-blame-debug-report.txt
1<?xml version="1.0" encoding="utf-8"?>
2<manifest xmlns:android="http://schemas.android.com/apk/res/android"
3    package="com.example.innowah"
4    android:versionCode="1"
5    android:versionName="1.0.0" >
6
7    <uses-sdk
8        android:minSdkVersion="21"
9        android:targetSdkVersion="34" />
10    <!--
11         The INTERNET permission is required for development. Specifically,
12         the Flutter tool needs it to communicate with the running application
13         to allow setting breakpoints, to provide hot reload, etc.
14    -->
15    <uses-permission android:name="android.permission.INTERNET" />
15-->src\debug\AndroidManifest.xml:6:5-66
15-->src\debug\AndroidManifest.xml:6:22-64
16    <!--
17     Required to query activities that can process text, see:
18         https://developer.android.com/training/package-visibility?hl=en and
19         https://developer.android.com/reference/android/content/Intent#ACTION_PROCESS_TEXT.
20
21         In particular, this is used by the Flutter engine in io.flutter.plugin.text.ProcessTextPlugin.
22    -->
23    <queries>
23-->src\main\AndroidManifest.xml:40:5-45:15
24        <intent>
24-->src\main\AndroidManifest.xml:41:9-44:18
25            <action android:name="android.intent.action.PROCESS_TEXT" />
25-->src\main\AndroidManifest.xml:42:13-72
25-->src\main\AndroidManifest.xml:42:21-70
26
27            <data android:mimeType="text/plain" />
27-->src\main\AndroidManifest.xml:43:13-50
27-->src\main\AndroidManifest.xml:43:19-48
28        </intent>
29        <intent>
29-->[:file_picker] AndroidManifest.xml:12:9-16:18
30            <action android:name="android.intent.action.GET_CONTENT" />
30-->[:file_picker] AndroidManifest.xml:13:13-72
30-->[:file_picker] AndroidManifest.xml:13:21-69
31
32            <data android:mimeType="*/*" />
32-->src\main\AndroidManifest.xml:43:13-50
32-->src\main\AndroidManifest.xml:43:19-48
33        </intent> <!-- Needs to be explicitly declared on Android R+ -->
34        <package android:name="com.google.android.apps.maps" />
34-->[com.google.android.gms:play-services-maps:18.2.0] AndroidManifest.xml:33:9-64
34-->[com.google.android.gms:play-services-maps:18.2.0] AndroidManifest.xml:33:18-61
35    </queries>
36
37    <uses-permission android:name="android.permission.READ_EXTERNAL_STORAGE" />
37-->[:file_picker] AndroidManifest.xml:9:5-80
37-->[:file_picker] AndroidManifest.xml:9:22-77
38    <uses-permission android:name="android.permission.ACCESS_COARSE_LOCATION" />
38-->[:location] AndroidManifest.xml:9:5-81
38-->[:location] AndroidManifest.xml:9:22-78
39    <uses-permission android:name="android.permission.ACCESS_FINE_LOCATION" /> <!-- Include required permissions for Google Maps API to run. -->
39-->[:location] AndroidManifest.xml:10:5-79
39-->[:location] AndroidManifest.xml:10:22-76
40    <uses-permission android:name="android.permission.ACCESS_NETWORK_STATE" />
40-->[com.google.android.gms:play-services-maps:18.2.0] AndroidManifest.xml:23:5-79
40-->[com.google.android.gms:play-services-maps:18.2.0] AndroidManifest.xml:23:22-76
41
42    <uses-feature
42-->[com.google.android.gms:play-services-maps:18.2.0] AndroidManifest.xml:26:5-28:35
43        android:glEsVersion="0x00020000"
43-->[com.google.android.gms:play-services-maps:18.2.0] AndroidManifest.xml:27:9-41
44        android:required="true" />
44-->[com.google.android.gms:play-services-maps:18.2.0] AndroidManifest.xml:28:9-32
45
46    <permission
46-->[androidx.core:core:1.10.1] AndroidManifest.xml:22:5-24:47
47        android:name="com.example.innowah.DYNAMIC_RECEIVER_NOT_EXPORTED_PERMISSION"
47-->[androidx.core:core:1.10.1] AndroidManifest.xml:23:9-81
48        android:protectionLevel="signature" />
48-->[androidx.core:core:1.10.1] AndroidManifest.xml:24:9-44
49
50    <uses-permission android:name="com.example.innowah.DYNAMIC_RECEIVER_NOT_EXPORTED_PERMISSION" />
50-->[androidx.core:core:1.10.1] AndroidManifest.xml:26:5-97
50-->[androidx.core:core:1.10.1] AndroidManifest.xml:26:22-94
51
52    <application
53        android:name="android.app.Application"
54        android:appComponentFactory="androidx.core.app.CoreComponentFactory"
54-->[androidx.core:core:1.10.1] AndroidManifest.xml:28:18-86
55        android:debuggable="true"
56        android:icon="@mipmap/ic_launcher"
57        android:label="innowah" >
58        <meta-data
59            android:name="com.google.android.geo.API_KEY"
60            android:value="AIzaSyDP1HbV7FDh1RkCowbOLsnA9Al0lgmFWpQ" />
61
62        <activity
63            android:name="com.example.innowah.MainActivity"
64            android:configChanges="orientation|keyboardHidden|keyboard|screenSize|smallestScreenSize|locale|layoutDirection|fontScale|screenLayout|density|uiMode"
65            android:exported="true"
66            android:hardwareAccelerated="true"
67            android:launchMode="singleTop"
68            android:theme="@style/LaunchTheme"
69            android:windowSoftInputMode="adjustResize" >
70
71            <!--
72                 Specifies an Android theme to apply to this Activity as soon as
73                 the Android process has started. This theme is visible to the user
74                 while the Flutter UI initializes. After that, this theme continues
75                 to determine the Window background behind the Flutter UI.
76            -->
77            <meta-data
78                android:name="io.flutter.embedding.android.NormalTheme"
79                android:resource="@style/NormalTheme" />
80
81            <intent-filter>
82                <action android:name="android.intent.action.MAIN" />
83
84                <category android:name="android.intent.category.LAUNCHER" />
85            </intent-filter>
86        </activity>
87        <!--
88             Don't delete the meta-data below.
89             This is used by the Flutter tool to generate GeneratedPluginRegistrant.java
90        -->
91        <meta-data
92            android:name="flutterEmbedding"
93            android:value="2" />
94
95        <provider
95-->[:image_picker_android] AndroidManifest.xml:10:9-18:20
96            android:name="io.flutter.plugins.imagepicker.ImagePickerFileProvider"
96-->[:image_picker_android] AndroidManifest.xml:11:13-82
97            android:authorities="com.example.innowah.flutter.image_provider"
97-->[:image_picker_android] AndroidManifest.xml:12:13-74
98            android:exported="false"
98-->[:image_picker_android] AndroidManifest.xml:13:13-37
99            android:grantUriPermissions="true" >
99-->[:image_picker_android] AndroidManifest.xml:14:13-47
100            <meta-data
100-->[:image_picker_android] AndroidManifest.xml:15:13-17:75
101                android:name="android.support.FILE_PROVIDER_PATHS"
101-->[:image_picker_android] AndroidManifest.xml:16:17-67
102                android:resource="@xml/flutter_image_picker_file_paths" />
102-->[:image_picker_android] AndroidManifest.xml:17:17-72
103        </provider>
104
105        <service
105-->[:location] AndroidManifest.xml:13:9-17:56
106            android:name="com.lyokone.location.FlutterLocationService"
106-->[:location] AndroidManifest.xml:14:13-71
107            android:enabled="true"
107-->[:location] AndroidManifest.xml:15:13-35
108            android:exported="false"
108-->[:location] AndroidManifest.xml:16:13-37
109            android:foregroundServiceType="location" />
109-->[:location] AndroidManifest.xml:17:13-53
110
111        <activity
111-->[:url_launcher_android] AndroidManifest.xml:10:9-13:74
112            android:name="io.flutter.plugins.urllauncher.WebViewActivity"
112-->[:url_launcher_android] AndroidManifest.xml:11:13-74
113            android:exported="false"
113-->[:url_launcher_android] AndroidManifest.xml:12:13-37
114            android:theme="@android:style/Theme.NoTitleBar.Fullscreen" /> <!-- Needs to be explicitly declared on P+ -->
114-->[:url_launcher_android] AndroidManifest.xml:13:13-71
115        <uses-library
115-->[com.google.android.gms:play-services-maps:18.2.0] AndroidManifest.xml:39:9-41:40
116            android:name="org.apache.http.legacy"
116-->[com.google.android.gms:play-services-maps:18.2.0] AndroidManifest.xml:40:13-50
117            android:required="false" />
117-->[com.google.android.gms:play-services-maps:18.2.0] AndroidManifest.xml:41:13-37
118
119        <activity
119-->[com.google.android.gms:play-services-base:18.1.0] AndroidManifest.xml:20:9-22:45
120            android:name="com.google.android.gms.common.api.GoogleApiActivity"
120-->[com.google.android.gms:play-services-base:18.1.0] AndroidManifest.xml:20:19-85
121            android:exported="false"
121-->[com.google.android.gms:play-services-base:18.1.0] AndroidManifest.xml:22:19-43
122            android:theme="@android:style/Theme.Translucent.NoTitleBar" />
122-->[com.google.android.gms:play-services-base:18.1.0] AndroidManifest.xml:21:19-78
123
124        <meta-data
124-->[com.google.android.gms:play-services-basement:18.1.0] AndroidManifest.xml:21:9-23:69
125            android:name="com.google.android.gms.version"
125-->[com.google.android.gms:play-services-basement:18.1.0] AndroidManifest.xml:22:13-58
126            android:value="@integer/google_play_services_version" />
126-->[com.google.android.gms:play-services-basement:18.1.0] AndroidManifest.xml:23:13-66
127
128        <uses-library
128-->[androidx.window:window:1.0.0-beta04] AndroidManifest.xml:25:9-27:40
129            android:name="androidx.window.extensions"
129-->[androidx.window:window:1.0.0-beta04] AndroidManifest.xml:26:13-54
130            android:required="false" />
130-->[androidx.window:window:1.0.0-beta04] AndroidManifest.xml:27:13-37
131        <uses-library
131-->[androidx.window:window:1.0.0-beta04] AndroidManifest.xml:28:9-30:40
132            android:name="androidx.window.sidecar"
132-->[androidx.window:window:1.0.0-beta04] AndroidManifest.xml:29:13-51
133            android:required="false" />
133-->[androidx.window:window:1.0.0-beta04] AndroidManifest.xml:30:13-37
134
135        <provider
135-->[androidx.profileinstaller:profileinstaller:1.3.0] AndroidManifest.xml:24:9-32:20
136            android:name="androidx.startup.InitializationProvider"
136-->[androidx.profileinstaller:profileinstaller:1.3.0] AndroidManifest.xml:25:13-67
137            android:authorities="com.example.innowah.androidx-startup"
137-->[androidx.profileinstaller:profileinstaller:1.3.0] AndroidManifest.xml:26:13-68
138            android:exported="false" >
138-->[androidx.profileinstaller:profileinstaller:1.3.0] AndroidManifest.xml:27:13-37
139            <meta-data
139-->[androidx.profileinstaller:profileinstaller:1.3.0] AndroidManifest.xml:29:13-31:52
140                android:name="androidx.profileinstaller.ProfileInstallerInitializer"
140-->[androidx.profileinstaller:profileinstaller:1.3.0] AndroidManifest.xml:30:17-85
141                android:value="androidx.startup" />
141-->[androidx.profileinstaller:profileinstaller:1.3.0] AndroidManifest.xml:31:17-49
142        </provider>
143
144        <receiver
144-->[androidx.profileinstaller:profileinstaller:1.3.0] AndroidManifest.xml:34:9-52:20
145            android:name="androidx.profileinstaller.ProfileInstallReceiver"
145-->[androidx.profileinstaller:profileinstaller:1.3.0] AndroidManifest.xml:35:13-76
146            android:directBootAware="false"
146-->[androidx.profileinstaller:profileinstaller:1.3.0] AndroidManifest.xml:36:13-44
147            android:enabled="true"
147-->[androidx.profileinstaller:profileinstaller:1.3.0] AndroidManifest.xml:37:13-35
148            android:exported="true"
148-->[androidx.profileinstaller:profileinstaller:1.3.0] AndroidManifest.xml:38:13-36
149            android:permission="android.permission.DUMP" >
149-->[androidx.profileinstaller:profileinstaller:1.3.0] AndroidManifest.xml:39:13-57
150            <intent-filter>
150-->[androidx.profileinstaller:profileinstaller:1.3.0] AndroidManifest.xml:40:13-42:29
151                <action android:name="androidx.profileinstaller.action.INSTALL_PROFILE" />
151-->[androidx.profileinstaller:profileinstaller:1.3.0] AndroidManifest.xml:41:17-91
151-->[androidx.profileinstaller:profileinstaller:1.3.0] AndroidManifest.xml:41:25-88
152            </intent-filter>
153            <intent-filter>
153-->[androidx.profileinstaller:profileinstaller:1.3.0] AndroidManifest.xml:43:13-45:29
154                <action android:name="androidx.profileinstaller.action.SKIP_FILE" />
154-->[androidx.profileinstaller:profileinstaller:1.3.0] AndroidManifest.xml:44:17-85
154-->[androidx.profileinstaller:profileinstaller:1.3.0] AndroidManifest.xml:44:25-82
155            </intent-filter>
156            <intent-filter>
156-->[androidx.profileinstaller:profileinstaller:1.3.0] AndroidManifest.xml:46:13-48:29
157                <action android:name="androidx.profileinstaller.action.SAVE_PROFILE" />
157-->[androidx.profileinstaller:profileinstaller:1.3.0] AndroidManifest.xml:47:17-88
157-->[androidx.profileinstaller:profileinstaller:1.3.0] AndroidManifest.xml:47:25-85
158            </intent-filter>
159            <intent-filter>
159-->[androidx.profileinstaller:profileinstaller:1.3.0] AndroidManifest.xml:49:13-51:29
160                <action android:name="androidx.profileinstaller.action.BENCHMARK_OPERATION" />
160-->[androidx.profileinstaller:profileinstaller:1.3.0] AndroidManifest.xml:50:17-95
160-->[androidx.profileinstaller:profileinstaller:1.3.0] AndroidManifest.xml:50:25-92
161            </intent-filter>
162        </receiver>
163    </application>
164
165</manifest>